{"/Users/dgonzalez/Dropbox/Microservices with Node/Writing Bundle/Chapter 6/code/stop-words-tests.js":{"path":"/Users/dgonzalez/Dropbox/Microservices with Node/Writing Bundle/Chapter 6/code/stop-words-tests.js","s":{"1":1,"2":1,"3":1,"4":1,"5":1,"6":1,"7":1,"8":1,"9":1,"10":1,"11":1,"12":1,"13":1,"14":1,"15":1,"16":1,"17":1,"18":0,"19":1,"20":1,"21":1,"22":0},"b":{},"f":{"1":1,"2":1,"3":1,"4":1,"5":1,"6":1,"7":1,"8":1,"9":0,"10":1,"11":0},"fnMap":{"1":{"name":"(anonymous_1)","line":8,"loc":{"start":{"line":8,"column":45},"end":{"line":8,"column":56}}},"2":{"name":"(anonymous_2)","line":10,"loc":{"start":{"line":10,"column":63},"end":{"line":10,"column":74}}},"3":{"name":"(anonymous_3)","line":11,"loc":{"start":{"line":11,"column":50},"end":{"line":11,"column":74}}},"4":{"name":"(anonymous_4)","line":16,"loc":{"start":{"line":16,"column":43},"end":{"line":16,"column":54}}},"5":{"name":"(anonymous_5)","line":17,"loc":{"start":{"line":17,"column":56},"end":{"line":17,"column":80}}},"6":{"name":"(anonymous_6)","line":22,"loc":{"start":{"line":22,"column":37},"end":{"line":22,"column":48}}},"7":{"name":"(anonymous_7)","line":23,"loc":{"start":{"line":23,"column":49},"end":{"line":23,"column":73}}},"8":{"name":"(anonymous_8)","line":28,"loc":{"start":{"line":28,"column":45},"end":{"line":28,"column":56}}},"9":{"name":"(anonymous_9)","line":29,"loc":{"start":{"line":29,"column":30},"end":{"line":29,"column":54}}},"10":{"name":"(anonymous_10)","line":34,"loc":{"start":{"line":34,"column":51},"end":{"line":34,"column":62}}},"11":{"name":"(anonymous_11)","line":36,"loc":{"start":{"line":36,"column":31},"end":{"line":36,"column":55}}}},"statementMap":{"1":{"start":{"line":1,"column":0},"end":{"line":1,"column":90}},"2":{"start":{"line":3,"column":0},"end":{"line":3,"column":27}},"3":{"start":{"line":4,"column":0},"end":{"line":4,"column":25}},"4":{"start":{"line":5,"column":0},"end":{"line":5,"column":14}},"5":{"start":{"line":6,"column":0},"end":{"line":6,"column":25}},"6":{"start":{"line":8,"column":0},"end":{"line":42,"column":3}},"7":{"start":{"line":10,"column":4},"end":{"line":14,"column":7}},"8":{"start":{"line":11,"column":8},"end":{"line":13,"column":11}},"9":{"start":{"line":12,"column":12},"end":{"line":12,"column":58}},"10":{"start":{"line":16,"column":4},"end":{"line":20,"column":7}},"11":{"start":{"line":17,"column":8},"end":{"line":19,"column":11}},"12":{"start":{"line":18,"column":12},"end":{"line":18,"column":58}},"13":{"start":{"line":22,"column":4},"end":{"line":26,"column":7}},"14":{"start":{"line":23,"column":8},"end":{"line":25,"column":11}},"15":{"start":{"line":24,"column":12},"end":{"line":24,"column":50}},"16":{"start":{"line":28,"column":4},"end":{"line":32,"column":7}},"17":{"start":{"line":29,"column":8},"end":{"line":31,"column":11}},"18":{"start":{"line":30,"column":12},"end":{"line":30,"column":58}},"19":{"start":{"line":34,"column":4},"end":{"line":41,"column":7}},"20":{"start":{"line":35,"column":8},"end":{"line":40,"column":9}},"21":{"start":{"line":36,"column":12},"end":{"line":36,"column":59}},"22":{"start":{"line":37,"column":12},"end":{"line":37,"column":26}}},"branchMap":{}},"/Users/dgonzalez/Dropbox/Microservices with Node/Writing Bundle/Chapter 6/code/remove-stop-words.js":{"path":"/Users/dgonzalez/Dropbox/Microservices with Node/Writing Bundle/Chapter 6/code/remove-stop-words.js","s":{"1":1,"2":1,"3":1,"4":1,"5":1,"6":1,"7":1,"8":5,"9":4,"10":4,"11":20,"12":20,"13":12,"14":20,"15":1,"16":20,"17":7,"18":20,"19":3},"b":{"1":[1,0],"2":[1,0],"3":[4,1],"4":[5,4],"5":[12,8],"6":[1,19],"7":[20,8],"8":[7,13],"9":[3,17]},"f":{"1":1,"2":5,"3":20},"fnMap":{"1":{"name":"(anonymous_1)","line":4,"loc":{"start":{"line":4,"column":17},"end":{"line":4,"column":35}}},"2":{"name":"removeBannedWords","line":10,"loc":{"start":{"line":10,"column":11},"end":{"line":10,"column":54}}},"3":{"name":"(anonymous_3)","line":13,"loc":{"start":{"line":13,"column":24},"end":{"line":13,"column":46}}}},"statementMap":{"1":{"start":{"line":1,"column":0},"end":{"line":1,"column":26}},"2":{"start":{"line":2,"column":0},"end":{"line":2,"column":33}},"3":{"start":{"line":4,"column":0},"end":{"line":33,"column":1}},"4":{"start":{"line":5,"column":4},"end":{"line":5,"column":25}},"5":{"start":{"line":6,"column":4},"end":{"line":8,"column":5}},"6":{"start":{"line":7,"column":8},"end":{"line":7,"column":48}},"7":{"start":{"line":10,"column":4},"end":{"line":32,"column":5}},"8":{"start":{"line":11,"column":7},"end":{"line":11,"column":86}},"9":{"start":{"line":12,"column":7},"end":{"line":12,"column":27}},"10":{"start":{"line":13,"column":7},"end":{"line":31,"column":10}},"11":{"start":{"line":14,"column":10},"end":{"line":14,"column":29}},"12":{"start":{"line":16,"column":10},"end":{"line":18,"column":11}},"13":{"start":{"line":17,"column":14},"end":{"line":17,"column":30}},"14":{"start":{"line":19,"column":10},"end":{"line":21,"column":11}},"15":{"start":{"line":20,"column":14},"end":{"line":20,"column":30}},"16":{"start":{"line":23,"column":10},"end":{"line":25,"column":11}},"17":{"start":{"line":24,"column":13},"end":{"line":24,"column":35}},"18":{"start":{"line":28,"column":10},"end":{"line":30,"column":11}},"19":{"start":{"line":29,"column":14},"end":{"line":29,"column":51}}},"branchMap":{"1":{"line":6,"type":"if","locations":[{"start":{"line":6,"column":4},"end":{"line":6,"column":4}},{"start":{"line":6,"column":4},"end":{"line":6,"column":4}}]},"2":{"line":7,"type":"binary-expr","locations":[{"start":{"line":7,"column":22},"end":{"line":7,"column":41}},{"start":{"line":7,"column":45},"end":{"line":7,"column":47}}]},"3":{"line":11,"type":"cond-expr","locations":[{"start":{"line":11,"column":65},"end":{"line":11,"column":80}},{"start":{"line":11,"column":83},"end":{"line":11,"column":85}}]},"4":{"line":11,"type":"binary-expr","locations":[{"start":{"line":11,"column":19},"end":{"line":11,"column":31}},{"start":{"line":11,"column":35},"end":{"line":11,"column":62}}]},"5":{"line":16,"type":"if","locations":[{"start":{"line":16,"column":10},"end":{"line":16,"column":10}},{"start":{"line":16,"column":10},"end":{"line":16,"column":10}}]},"6":{"line":19,"type":"if","locations":[{"start":{"line":19,"column":10},"end":{"line":19,"column":10}},{"start":{"line":19,"column":10},"end":{"line":19,"column":10}}]},"7":{"line":19,"type":"binary-expr","locations":[{"start":{"line":19,"column":13},"end":{"line":19,"column":20}},{"start":{"line":19,"column":24},"end":{"line":19,"column":54}}]},"8":{"line":23,"type":"if","locations":[{"start":{"line":23,"column":10},"end":{"line":23,"column":10}},{"start":{"line":23,"column":10},"end":{"line":23,"column":10}}]},"9":{"line":28,"type":"if","locations":[{"start":{"line":28,"column":10},"end":{"line":28,"column":10}},{"start":{"line":28,"column":10},"end":{"line":28,"column":10}}]}}}}