TN:
SF:/Users/dgonzalez/Dropbox/Microservices with Node/Writing Bundle/Chapter 6/code/stop-words-tests.js
FN:8,(anonymous_1)
FN:10,(anonymous_2)
FN:11,(anonymous_3)
FN:16,(anonymous_4)
FN:17,(anonymous_5)
FN:22,(anonymous_6)
FN:23,(anonymous_7)
FN:28,(anonymous_8)
FN:29,(anonymous_9)
FN:34,(anonymous_10)
FN:36,(anonymous_11)
FNF:11
FNH:9
FNDA:1,(anonymous_1)
FNDA:1,(anonymous_2)
FNDA:1,(anonymous_3)
FNDA:1,(anonymous_4)
FNDA:1,(anonymous_5)
FNDA:1,(anonymous_6)
FNDA:1,(anonymous_7)
FNDA:1,(anonymous_8)
FNDA:0,(anonymous_9)
FNDA:1,(anonymous_10)
FNDA:0,(anonymous_11)
DA:1,1
DA:3,1
DA:4,1
DA:5,1
DA:6,1
DA:8,1
DA:10,1
DA:11,1
DA:12,1
DA:16,1
DA:17,1
DA:18,1
DA:22,1
DA:23,1
DA:24,1
DA:28,1
DA:29,1
DA:30,0
DA:34,1
DA:35,1
DA:36,1
DA:37,0
LF:22
LH:20
BRF:0
BRH:0
end_of_record
TN:
SF:/Users/dgonzalez/Dropbox/Microservices with Node/Writing Bundle/Chapter 6/code/remove-stop-words.js
FN:4,(anonymous_1)
FN:10,removeBannedWords
FN:13,(anonymous_3)
FNF:3
FNH:3
FNDA:1,(anonymous_1)
FNDA:5,removeBannedWords
FNDA:20,(anonymous_3)
DA:1,1
DA:2,1
DA:4,1
DA:5,1
DA:6,1
DA:7,1
DA:10,1
DA:11,5
DA:12,4
DA:13,4
DA:14,20
DA:16,20
DA:17,12
DA:19,20
DA:20,1
DA:23,20
DA:24,7
DA:28,20
DA:29,3
LF:19
LH:19
BRDA:6,1,0,1
BRDA:6,1,1,0
BRDA:7,2,0,1
BRDA:7,2,1,0
BRDA:11,3,0,4
BRDA:11,3,1,1
BRDA:11,4,0,5
BRDA:11,4,1,4
BRDA:16,5,0,12
BRDA:16,5,1,8
BRDA:19,6,0,1
BRDA:19,6,1,19
BRDA:19,7,0,20
BRDA:19,7,1,8
BRDA:23,8,0,7
BRDA:23,8,1,13
BRDA:28,9,0,3
BRDA:28,9,1,17
BRF:18
BRH:16
end_of_record
